[0.009s] Invoking command in '/home/jliu6162/ros2_ws/build/my_robot_description': CMAKE_PREFIX_PATH=${CMAKE_PREFIX_PATH}:/opt/ros/humble /usr/bin/cmake --build /home/jliu6162/ros2_ws/build/my_robot_description -- -j4 -l4
[0.028s] -- Found ament_cmake: 1.3.10 (/opt/ros/humble/share/ament_cmake/cmake)
[0.119s] -- Found rclcpp: 16.0.10 (/opt/ros/humble/share/rclcpp/cmake)
[0.148s] -- Found rosidl_generator_c: 3.1.5 (/opt/ros/humble/share/rosidl_generator_c/cmake)
[0.152s] -- Found rosidl_adapter: 3.1.5 (/opt/ros/humble/share/rosidl_adapter/cmake)
[0.156s] -- Found rosidl_generator_cpp: 3.1.5 (/opt/ros/humble/share/rosidl_generator_cpp/cmake)
[0.163s] -- Using all available rosidl_typesupport_c: rosidl_typesupport_fastrtps_c;rosidl_typesupport_introspection_c
[0.173s] -- Using all available rosidl_typesupport_cpp: rosidl_typesupport_fastrtps_cpp;rosidl_typesupport_introspection_cpp
[0.199s] -- Found rmw_implementation_cmake: 6.1.2 (/opt/ros/humble/share/rmw_implementation_cmake/cmake)
[0.200s] -- Found rmw_fastrtps_cpp: 6.2.7 (/opt/ros/humble/share/rmw_fastrtps_cpp/cmake)
[0.283s] -- Using RMW implementation 'rmw_fastrtps_cpp' as default
[0.323s] -- Found ament_lint_auto: 0.12.11 (/opt/ros/humble/share/ament_lint_auto/cmake)
[0.391s] -- Added test 'flake8' to check Python code syntax and style conventions
[0.392s] -- Added test 'lint_cmake' to check CMake code style
[0.392s] -- Added test 'pep257' to check Python code against some of the docstring style conventions in PEP 257
[0.392s] -- Added test 'xmllint' to check XML markup files
[0.393s] -- Configuring done
[0.397s] -- Generating done
[0.398s] -- Build files have been written to: /home/jliu6162/ros2_ws/build/my_robot_description
[0.418s] Invoked command in '/home/jliu6162/ros2_ws/build/my_robot_description' returned '0': CMAKE_PREFIX_PATH=${CMAKE_PREFIX_PATH}:/opt/ros/humble /usr/bin/cmake --build /home/jliu6162/ros2_ws/build/my_robot_description -- -j4 -l4
[0.442s] Invoking command in '/home/jliu6162/ros2_ws/build/my_robot_description': CMAKE_PREFIX_PATH=${CMAKE_PREFIX_PATH}:/opt/ros/humble /usr/bin/cmake --install /home/jliu6162/ros2_ws/build/my_robot_description
[0.447s] -- Install configuration: ""
[0.447s] -- Installing: /home/jliu6162/ros2_ws/install/my_robot_description/share/my_robot_description/launch
[0.447s] -- Installing: /home/jliu6162/ros2_ws/install/my_robot_description/share/my_robot_description/launch/spawn_robot.launch.py
[0.447s] -- Installing: /home/jliu6162/ros2_ws/install/my_robot_description/share/ament_index/resource_index/package_run_dependencies/my_robot_description
[0.447s] -- Installing: /home/jliu6162/ros2_ws/install/my_robot_description/share/ament_index/resource_index/parent_prefix_path/my_robot_description
[0.448s] -- Up-to-date: /home/jliu6162/ros2_ws/install/my_robot_description/share/my_robot_description/environment/ament_prefix_path.sh
[0.448s] -- Installing: /home/jliu6162/ros2_ws/install/my_robot_description/share/my_robot_description/environment/ament_prefix_path.dsv
[0.448s] -- Up-to-date: /home/jliu6162/ros2_ws/install/my_robot_description/share/my_robot_description/environment/path.sh
[0.448s] -- Installing: /home/jliu6162/ros2_ws/install/my_robot_description/share/my_robot_description/environment/path.dsv
[0.448s] -- Up-to-date: /home/jliu6162/ros2_ws/install/my_robot_description/share/my_robot_description/local_setup.bash
[0.448s] -- Up-to-date: /home/jliu6162/ros2_ws/install/my_robot_description/share/my_robot_description/local_setup.sh
[0.448s] -- Up-to-date: /home/jliu6162/ros2_ws/install/my_robot_description/share/my_robot_description/local_setup.zsh
[0.448s] -- Installing: /home/jliu6162/ros2_ws/install/my_robot_description/share/my_robot_description/local_setup.dsv
[0.448s] -- Installing: /home/jliu6162/ros2_ws/install/my_robot_description/share/my_robot_description/package.dsv
[0.449s] -- Up-to-date: /home/jliu6162/ros2_ws/install/my_robot_description/share/ament_index/resource_index/packages/my_robot_description
[0.449s] -- Up-to-date: /home/jliu6162/ros2_ws/install/my_robot_description/share/my_robot_description/cmake/my_robot_descriptionConfig.cmake
[0.449s] -- Up-to-date: /home/jliu6162/ros2_ws/install/my_robot_description/share/my_robot_description/cmake/my_robot_descriptionConfig-version.cmake
[0.449s] -- Installing: /home/jliu6162/ros2_ws/install/my_robot_description/share/my_robot_description/package.xml
[0.450s] Invoked command in '/home/jliu6162/ros2_ws/build/my_robot_description' returned '0': CMAKE_PREFIX_PATH=${CMAKE_PREFIX_PATH}:/opt/ros/humble /usr/bin/cmake --install /home/jliu6162/ros2_ws/build/my_robot_description
