[0.012s] Invoking command in '/home/jliu6162/ros2_ws/build/gz_codebase': CMAKE_PREFIX_PATH=${CMAKE_PREFIX_PATH}:/opt/ros/humble /usr/bin/cmake /home/jliu6162/ros2_ws/src/my_robot_description -DCMAKE_INSTALL_PREFIX=/home/jliu6162/ros2_ws/install/gz_codebase
[0.024s] -- Found ament_cmake: 1.3.10 (/opt/ros/humble/share/ament_cmake/cmake)
[0.143s] -- Found rclcpp: 16.0.10 (/opt/ros/humble/share/rclcpp/cmake)
[0.169s] -- Found rosidl_generator_c: 3.1.5 (/opt/ros/humble/share/rosidl_generator_c/cmake)
[0.169s] -- Found rosidl_adapter: 3.1.5 (/opt/ros/humble/share/rosidl_adapter/cmake)
[0.175s] -- Found rosidl_generator_cpp: 3.1.5 (/opt/ros/humble/share/rosidl_generator_cpp/cmake)
[0.183s] -- Using all available rosidl_typesupport_c: rosidl_typesupport_fastrtps_c;rosidl_typesupport_introspection_c
[0.195s] -- Using all available rosidl_typesupport_cpp: rosidl_typesupport_fastrtps_cpp;rosidl_typesupport_introspection_cpp
[0.225s] -- Found rmw_implementation_cmake: 6.1.2 (/opt/ros/humble/share/rmw_implementation_cmake/cmake)
[0.226s] -- Found rmw_fastrtps_cpp: 6.2.7 (/opt/ros/humble/share/rmw_fastrtps_cpp/cmake)
[0.322s] -- Using RMW implementation 'rmw_fastrtps_cpp' as default
[0.372s] -- Found ament_lint_auto: 0.12.11 (/opt/ros/humble/share/ament_lint_auto/cmake)
[0.449s] -- Added test 'flake8' to check Python code syntax and style conventions
[0.450s] -- Added test 'lint_cmake' to check CMake code style
[0.450s] -- Added test 'pep257' to check Python code against some of the docstring style conventions in PEP 257
[0.451s] -- Added test 'xmllint' to check XML markup files
[0.454s] -- Configuring done
[0.457s] -- Generating done
[0.458s] -- Build files have been written to: /home/jliu6162/ros2_ws/build/gz_codebase
[0.467s] Invoked command in '/home/jliu6162/ros2_ws/build/gz_codebase' returned '0': CMAKE_PREFIX_PATH=${CMAKE_PREFIX_PATH}:/opt/ros/humble /usr/bin/cmake /home/jliu6162/ros2_ws/src/my_robot_description -DCMAKE_INSTALL_PREFIX=/home/jliu6162/ros2_ws/install/gz_codebase
[0.469s] Invoking command in '/home/jliu6162/ros2_ws/build/gz_codebase': CMAKE_PREFIX_PATH=${CMAKE_PREFIX_PATH}:/opt/ros/humble /usr/bin/cmake --build /home/jliu6162/ros2_ws/build/gz_codebase -- -j4 -l4
[0.506s] Invoked command in '/home/jliu6162/ros2_ws/build/gz_codebase' returned '0': CMAKE_PREFIX_PATH=${CMAKE_PREFIX_PATH}:/opt/ros/humble /usr/bin/cmake --build /home/jliu6162/ros2_ws/build/gz_codebase -- -j4 -l4
[0.536s] Invoking command in '/home/jliu6162/ros2_ws/build/gz_codebase': CMAKE_PREFIX_PATH=${CMAKE_PREFIX_PATH}:/opt/ros/humble /usr/bin/cmake --install /home/jliu6162/ros2_ws/build/gz_codebase
[0.546s] -- Install configuration: ""
[0.546s] -- Installing: /home/jliu6162/ros2_ws/install/gz_codebase/share/gz_codebase/launch
[0.546s] -- Installing: /home/jliu6162/ros2_ws/install/gz_codebase/share/gz_codebase/launch/launch_custom_world.launch.py
[0.546s] -- Installing: /home/jliu6162/ros2_ws/install/gz_codebase/share/gz_codebase/launch/__pycache__
[0.546s] -- Installing: /home/jliu6162/ros2_ws/install/gz_codebase/share/gz_codebase/launch/__pycache__/spawn_robot.launch.cpython-310.pyc
[0.547s] -- Installing: /home/jliu6162/ros2_ws/install/gz_codebase/share/gz_codebase/launch/spawn_robot.launch.py
[0.547s] -- Installing: /home/jliu6162/ros2_ws/install/gz_codebase/share/ament_index/resource_index/package_run_dependencies/gz_codebase
[0.547s] -- Installing: /home/jliu6162/ros2_ws/install/gz_codebase/share/ament_index/resource_index/parent_prefix_path/gz_codebase
[0.547s] -- Installing: /home/jliu6162/ros2_ws/install/gz_codebase/share/gz_codebase/environment/ament_prefix_path.sh
[0.547s] -- Installing: /home/jliu6162/ros2_ws/install/gz_codebase/share/gz_codebase/environment/ament_prefix_path.dsv
[0.547s] -- Installing: /home/jliu6162/ros2_ws/install/gz_codebase/share/gz_codebase/environment/path.sh
[0.547s] -- Installing: /home/jliu6162/ros2_ws/install/gz_codebase/share/gz_codebase/environment/path.dsv
[0.547s] -- Installing: /home/jliu6162/ros2_ws/install/gz_codebase/share/gz_codebase/local_setup.bash
[0.547s] -- Installing: /home/jliu6162/ros2_ws/install/gz_codebase/share/gz_codebase/local_setup.sh
[0.549s] -- Installing: /home/jliu6162/ros2_ws/install/gz_codebase/share/gz_codebase/local_setup.zsh
[0.549s] -- Installing: /home/jliu6162/ros2_ws/install/gz_codebase/share/gz_codebase/local_setup.dsv
[0.550s] -- Installing: /home/jliu6162/ros2_ws/install/gz_codebase/share/gz_codebase/package.dsv
[0.551s] -- Installing: /home/jliu6162/ros2_ws/install/gz_codebase/share/ament_index/resource_index/packages/gz_codebase
[0.551s] -- Installing: /home/jliu6162/ros2_ws/install/gz_codebase/share/gz_codebase/cmake/gz_codebaseConfig.cmake
[0.551s] -- Installing: /home/jliu6162/ros2_ws/install/gz_codebase/share/gz_codebase/cmake/gz_codebaseConfig-version.cmake
[0.551s] -- Installing: /home/jliu6162/ros2_ws/install/gz_codebase/share/gz_codebase/package.xml
[0.551s] Invoked command in '/home/jliu6162/ros2_ws/build/gz_codebase' returned '0': CMAKE_PREFIX_PATH=${CMAKE_PREFIX_PATH}:/opt/ros/humble /usr/bin/cmake --install /home/jliu6162/ros2_ws/build/gz_codebase
