[0.010s] Invoking command in '/home/jliu6162/ros2_ws/build/my_robot_description': CMAKE_PREFIX_PATH=${CMAKE_PREFIX_PATH}:/opt/ros/humble /usr/bin/cmake --build /home/jliu6162/ros2_ws/build/my_robot_description -- -j4 -l4
[0.045s] Invoked command in '/home/jliu6162/ros2_ws/build/my_robot_description' returned '0': CMAKE_PREFIX_PATH=${CMAKE_PREFIX_PATH}:/opt/ros/humble /usr/bin/cmake --build /home/jliu6162/ros2_ws/build/my_robot_description -- -j4 -l4
[0.069s] Invoking command in '/home/jliu6162/ros2_ws/build/my_robot_description': CMAKE_PREFIX_PATH=${CMAKE_PREFIX_PATH}:/opt/ros/humble /usr/bin/cmake --install /home/jliu6162/ros2_ws/build/my_robot_description
[0.074s] -- Install configuration: ""
[0.074s] -- Up-to-date: /home/jliu6162/ros2_ws/install/my_robot_description/share/my_robot_description/launch
[0.074s] -- Installing: /home/jliu6162/ros2_ws/install/my_robot_description/share/my_robot_description/launch/launch_custom_world.launch.py
[0.074s] -- Up-to-date: /home/jliu6162/ros2_ws/install/my_robot_description/share/my_robot_description/launch/__pycache__
[0.075s] -- Up-to-date: /home/jliu6162/ros2_ws/install/my_robot_description/share/my_robot_description/launch/__pycache__/spawn_robot.launch.cpython-310.pyc
[0.075s] -- Up-to-date: /home/jliu6162/ros2_ws/install/my_robot_description/share/my_robot_description/launch/spawn_robot.launch.py
[0.075s] -- Up-to-date: /home/jliu6162/ros2_ws/install/my_robot_description/share/ament_index/resource_index/package_run_dependencies/my_robot_description
[0.075s] -- Up-to-date: /home/jliu6162/ros2_ws/install/my_robot_description/share/ament_index/resource_index/parent_prefix_path/my_robot_description
[0.075s] -- Up-to-date: /home/jliu6162/ros2_ws/install/my_robot_description/share/my_robot_description/environment/ament_prefix_path.sh
[0.075s] -- Up-to-date: /home/jliu6162/ros2_ws/install/my_robot_description/share/my_robot_description/environment/ament_prefix_path.dsv
[0.075s] -- Up-to-date: /home/jliu6162/ros2_ws/install/my_robot_description/share/my_robot_description/environment/path.sh
[0.075s] -- Up-to-date: /home/jliu6162/ros2_ws/install/my_robot_description/share/my_robot_description/environment/path.dsv
[0.075s] -- Up-to-date: /home/jliu6162/ros2_ws/install/my_robot_description/share/my_robot_description/local_setup.bash
[0.075s] -- Up-to-date: /home/jliu6162/ros2_ws/install/my_robot_description/share/my_robot_description/local_setup.sh
[0.075s] -- Up-to-date: /home/jliu6162/ros2_ws/install/my_robot_description/share/my_robot_description/local_setup.zsh
[0.075s] -- Up-to-date: /home/jliu6162/ros2_ws/install/my_robot_description/share/my_robot_description/local_setup.dsv
[0.075s] -- Installing: /home/jliu6162/ros2_ws/install/my_robot_description/share/my_robot_description/package.dsv
[0.075s] -- Up-to-date: /home/jliu6162/ros2_ws/install/my_robot_description/share/ament_index/resource_index/packages/my_robot_description
[0.075s] -- Up-to-date: /home/jliu6162/ros2_ws/install/my_robot_description/share/my_robot_description/cmake/my_robot_descriptionConfig.cmake
[0.075s] -- Up-to-date: /home/jliu6162/ros2_ws/install/my_robot_description/share/my_robot_description/cmake/my_robot_descriptionConfig-version.cmake
[0.075s] -- Up-to-date: /home/jliu6162/ros2_ws/install/my_robot_description/share/my_robot_description/package.xml
[0.076s] Invoked command in '/home/jliu6162/ros2_ws/build/my_robot_description' returned '0': CMAKE_PREFIX_PATH=${CMAKE_PREFIX_PATH}:/opt/ros/humble /usr/bin/cmake --install /home/jliu6162/ros2_ws/build/my_robot_description
