[0.032s] Invoking command in '/home/jliu6162/ros2_ws/build/my_robot_description': CMAKE_PREFIX_PATH=${CMAKE_PREFIX_PATH}:/opt/ros/humble /usr/bin/cmake /home/jliu6162/ros2_ws/src/my_robot_description -DCMAKE_INSTALL_PREFIX=/home/jliu6162/ros2_ws/install/my_robot_description
[0.055s] -- Found ament_cmake: 1.3.10 (/opt/ros/humble/share/ament_cmake/cmake)
[0.159s] -- Override CMake install command with custom implementation using symlinks instead of copying resources
[0.166s] -- Found rclcpp: 16.0.10 (/opt/ros/humble/share/rclcpp/cmake)
[0.220s] -- Found rosidl_generator_c: 3.1.5 (/opt/ros/humble/share/rosidl_generator_c/cmake)
[0.223s] -- Found rosidl_adapter: 3.1.5 (/opt/ros/humble/share/rosidl_adapter/cmake)
[0.229s] -- Found rosidl_generator_cpp: 3.1.5 (/opt/ros/humble/share/rosidl_generator_cpp/cmake)
[0.237s] -- Using all available rosidl_typesupport_c: rosidl_typesupport_fastrtps_c;rosidl_typesupport_introspection_c
[0.249s] -- Using all available rosidl_typesupport_cpp: rosidl_typesupport_fastrtps_cpp;rosidl_typesupport_introspection_cpp
[0.280s] -- Found rmw_implementation_cmake: 6.1.2 (/opt/ros/humble/share/rmw_implementation_cmake/cmake)
[0.281s] -- Found rmw_fastrtps_cpp: 6.2.7 (/opt/ros/humble/share/rmw_fastrtps_cpp/cmake)
[0.410s] -- Using RMW implementation 'rmw_fastrtps_cpp' as default
[0.472s] -- Found ament_lint_auto: 0.12.11 (/opt/ros/humble/share/ament_lint_auto/cmake)
[0.536s] -- Added test 'flake8' to check Python code syntax and style conventions
[0.536s] -- Added test 'lint_cmake' to check CMake code style
[0.536s] -- Added test 'pep257' to check Python code against some of the docstring style conventions in PEP 257
[0.538s] -- Added test 'xmllint' to check XML markup files
[0.539s] -- Configuring done
[0.559s] -- Generating done
[0.560s] -- Build files have been written to: /home/jliu6162/ros2_ws/build/my_robot_description
[0.570s] Invoked command in '/home/jliu6162/ros2_ws/build/my_robot_description' returned '0': CMAKE_PREFIX_PATH=${CMAKE_PREFIX_PATH}:/opt/ros/humble /usr/bin/cmake /home/jliu6162/ros2_ws/src/my_robot_description -DCMAKE_INSTALL_PREFIX=/home/jliu6162/ros2_ws/install/my_robot_description
[0.570s] Invoking command in '/home/jliu6162/ros2_ws/build/my_robot_description': CMAKE_PREFIX_PATH=${CMAKE_PREFIX_PATH}:/opt/ros/humble /usr/bin/cmake --build /home/jliu6162/ros2_ws/build/my_robot_description -- -j4 -l4
[0.607s] Invoked command in '/home/jliu6162/ros2_ws/build/my_robot_description' returned '0': CMAKE_PREFIX_PATH=${CMAKE_PREFIX_PATH}:/opt/ros/humble /usr/bin/cmake --build /home/jliu6162/ros2_ws/build/my_robot_description -- -j4 -l4
[0.638s] Invoking command in '/home/jliu6162/ros2_ws/build/my_robot_description': CMAKE_PREFIX_PATH=${CMAKE_PREFIX_PATH}:/opt/ros/humble /usr/bin/cmake --install /home/jliu6162/ros2_ws/build/my_robot_description
[0.645s] -- Install configuration: ""
[0.646s] -- Execute custom install script
[0.658s] -- Up-to-date symlink: /home/jliu6162/ros2_ws/install/my_robot_description/share/my_robot_description/launch/__pycache__/spawn_robot.launch.cpython-310.pyc
[0.659s] -- Up-to-date symlink: /home/jliu6162/ros2_ws/install/my_robot_description/share/my_robot_description/launch/launch_custom_world.launch.py
[0.660s] -- Up-to-date symlink: /home/jliu6162/ros2_ws/install/my_robot_description/share/my_robot_description/launch/spawn_robot.launch.py
[0.660s] -- Up-to-date symlink: /home/jliu6162/ros2_ws/install/my_robot_description/share/ament_index/resource_index/package_run_dependencies/my_robot_description
[0.660s] -- Up-to-date symlink: /home/jliu6162/ros2_ws/install/my_robot_description/share/ament_index/resource_index/parent_prefix_path/my_robot_description
[0.661s] -- Up-to-date symlink: /home/jliu6162/ros2_ws/install/my_robot_description/share/my_robot_description/environment/ament_prefix_path.sh
[0.662s] -- Up-to-date symlink: /home/jliu6162/ros2_ws/install/my_robot_description/share/my_robot_description/environment/ament_prefix_path.dsv
[0.662s] -- Up-to-date symlink: /home/jliu6162/ros2_ws/install/my_robot_description/share/my_robot_description/environment/path.sh
[0.662s] -- Up-to-date symlink: /home/jliu6162/ros2_ws/install/my_robot_description/share/my_robot_description/environment/path.dsv
[0.664s] -- Up-to-date symlink: /home/jliu6162/ros2_ws/install/my_robot_description/share/my_robot_description/local_setup.bash
[0.664s] -- Up-to-date symlink: /home/jliu6162/ros2_ws/install/my_robot_description/share/my_robot_description/local_setup.sh
[0.665s] -- Up-to-date symlink: /home/jliu6162/ros2_ws/install/my_robot_description/share/my_robot_description/local_setup.zsh
[0.665s] -- Up-to-date symlink: /home/jliu6162/ros2_ws/install/my_robot_description/share/my_robot_description/local_setup.dsv
[0.665s] -- Symlinking: /home/jliu6162/ros2_ws/install/my_robot_description/share/my_robot_description/package.dsv
[0.674s] -- Up-to-date symlink: /home/jliu6162/ros2_ws/install/my_robot_description/share/ament_index/resource_index/packages/my_robot_description
[0.675s] -- Up-to-date symlink: /home/jliu6162/ros2_ws/install/my_robot_description/share/my_robot_description/cmake/my_robot_descriptionConfig.cmake
[0.675s] -- Up-to-date symlink: /home/jliu6162/ros2_ws/install/my_robot_description/share/my_robot_description/cmake/my_robot_descriptionConfig-version.cmake
[0.676s] -- Up-to-date symlink: /home/jliu6162/ros2_ws/install/my_robot_description/share/my_robot_description/package.xml
[0.678s] Invoked command in '/home/jliu6162/ros2_ws/build/my_robot_description' returned '0': CMAKE_PREFIX_PATH=${CMAKE_PREFIX_PATH}:/opt/ros/humble /usr/bin/cmake --install /home/jliu6162/ros2_ws/build/my_robot_description
