[0.011s] Invoking command in '/home/jliu6162/ros2_ws/build/gz_codebase': CMAKE_PREFIX_PATH=${CMAKE_PREFIX_PATH}:/opt/ros/humble /usr/bin/cmake /home/jliu6162/ros2_ws/src/my_robot_description -DCMAKE_INSTALL_PREFIX=/home/jliu6162/ros2_ws/install/gz_codebase
[0.072s] -- The C compiler identification is GNU 11.4.0
[0.120s] -- The CXX compiler identification is GNU 11.4.0
[0.129s] -- Detecting C compiler ABI info
[0.193s] -- Detecting C compiler ABI info - done
[0.200s] -- Check for working C compiler: /usr/bin/cc - skipped
[0.200s] -- Detecting C compile features
[0.200s] -- Detecting C compile features - done
[0.202s] -- Detecting CXX compiler ABI info
[0.285s] -- Detecting CXX compiler ABI info - done
[0.292s] -- Check for working CXX compiler: /usr/bin/c++ - skipped
[0.292s] -- Detecting CXX compile features
[0.292s] -- Detecting CXX compile features - done
[0.294s] -- Found ament_cmake: 1.3.10 (/opt/ros/humble/share/ament_cmake/cmake)
[0.437s] -- Found Python3: /usr/bin/python3 (found version "3.10.12") found components: Interpreter 
[0.523s] -- Found rclcpp: 16.0.10 (/opt/ros/humble/share/rclcpp/cmake)
[0.566s] -- Found rosidl_generator_c: 3.1.5 (/opt/ros/humble/share/rosidl_generator_c/cmake)
[0.570s] -- Found rosidl_adapter: 3.1.5 (/opt/ros/humble/share/rosidl_adapter/cmake)
[0.577s] -- Found rosidl_generator_cpp: 3.1.5 (/opt/ros/humble/share/rosidl_generator_cpp/cmake)
[0.588s] -- Using all available rosidl_typesupport_c: rosidl_typesupport_fastrtps_c;rosidl_typesupport_introspection_c
[0.602s] -- Using all available rosidl_typesupport_cpp: rosidl_typesupport_fastrtps_cpp;rosidl_typesupport_introspection_cpp
[0.646s] -- Found rmw_implementation_cmake: 6.1.2 (/opt/ros/humble/share/rmw_implementation_cmake/cmake)
[0.647s] -- Found rmw_fastrtps_cpp: 6.2.7 (/opt/ros/humble/share/rmw_fastrtps_cpp/cmake)
[0.731s] -- Found OpenSSL: /usr/lib/x86_64-linux-gnu/libcrypto.so (found version "3.0.2")  
[0.755s] -- Found FastRTPS: /opt/ros/humble/include  
[0.793s] -- Using RMW implementation 'rmw_fastrtps_cpp' as default
[0.800s] -- Looking for pthread.h
[0.869s] -- Looking for pthread.h - found
[0.870s] -- Performing Test CMAKE_HAVE_LIBC_PTHREAD
[0.942s] -- Performing Test CMAKE_HAVE_LIBC_PTHREAD - Success
[0.944s] -- Found Threads: TRUE  
[1.015s] -- Found ament_lint_auto: 0.12.11 (/opt/ros/humble/share/ament_lint_auto/cmake)
[1.086s] [31mCMake Error at /opt/ros/humble/share/ament_cmake_core/cmake/core/ament_package_xml.cmake:53 (message):
[1.086s]   ament_package_xml() package name 'gz_codebase' in '/package.xml' does not
[1.086s]   match current PROJECT_NAME 'my_robot_description'.  You must call project()
[1.086s]   with the same package name before.
[1.086s] Call Stack (most recent call first):
[1.086s]   /opt/ros/humble/share/ament_lint_auto/cmake/ament_lint_auto_find_test_dependencies.cmake:31 (ament_package_xml)
[1.086s]   CMakeLists.txt:27 (ament_lint_auto_find_test_dependencies)
[1.086s] 
[1.086s] [0m
[1.086s] -- Configuring incomplete, errors occurred!
[1.086s] See also "/home/jliu6162/ros2_ws/build/gz_codebase/CMakeFiles/CMakeOutput.log".
[1.097s] Invoked command in '/home/jliu6162/ros2_ws/build/gz_codebase' returned '1': CMAKE_PREFIX_PATH=${CMAKE_PREFIX_PATH}:/opt/ros/humble /usr/bin/cmake /home/jliu6162/ros2_ws/src/my_robot_description -DCMAKE_INSTALL_PREFIX=/home/jliu6162/ros2_ws/install/gz_codebase
