[0.009s] Invoking command in '/home/jliu6162/ros2_ws/build/my_robot_description': CMAKE_PREFIX_PATH=${CMAKE_PREFIX_PATH}:/opt/ros/humble /usr/bin/cmake /home/jliu6162/ros2_ws/src/my_robot_description -DAMENT_CMAKE_SYMLINK_INSTALL=1 -DCMAKE_INSTALL_PREFIX=/home/jliu6162/ros2_ws/install/my_robot_description
[0.161s] -- Found ament_cmake: 1.3.10 (/opt/ros/humble/share/ament_cmake/cmake)
[0.425s] -- Override CMake install command with custom implementation using symlinks instead of copying resources
[0.554s] -- Found rclcpp: 16.0.10 (/opt/ros/humble/share/rclcpp/cmake)
[0.696s] -- Found rosidl_generator_c: 3.1.5 (/opt/ros/humble/share/rosidl_generator_c/cmake)
[0.712s] -- Found rosidl_adapter: 3.1.5 (/opt/ros/humble/share/rosidl_adapter/cmake)
[0.742s] -- Found rosidl_generator_cpp: 3.1.5 (/opt/ros/humble/share/rosidl_generator_cpp/cmake)
[0.786s] -- Using all available rosidl_typesupport_c: rosidl_typesupport_fastrtps_c;rosidl_typesupport_introspection_c
[0.827s] -- Using all available rosidl_typesupport_cpp: rosidl_typesupport_fastrtps_cpp;rosidl_typesupport_introspection_cpp
[0.984s] -- Found rmw_implementation_cmake: 6.1.2 (/opt/ros/humble/share/rmw_implementation_cmake/cmake)
[0.998s] -- Found rmw_fastrtps_cpp: 6.2.7 (/opt/ros/humble/share/rmw_fastrtps_cpp/cmake)
[1.187s] -- Using RMW implementation 'rmw_fastrtps_cpp' as default
[1.395s] -- Found ament_lint_auto: 0.12.11 (/opt/ros/humble/share/ament_lint_auto/cmake)
[1.574s] -- Added test 'flake8' to check Python code syntax and style conventions
[1.575s] -- Added test 'lint_cmake' to check CMake code style
[1.576s] -- Added test 'pep257' to check Python code against some of the docstring style conventions in PEP 257
[1.579s] -- Added test 'xmllint' to check XML markup files
[1.581s] -- Configuring done
[1.617s] -- Generating done
[1.618s] -- Build files have been written to: /home/jliu6162/ros2_ws/build/my_robot_description
[1.624s] Invoked command in '/home/jliu6162/ros2_ws/build/my_robot_description' returned '0': CMAKE_PREFIX_PATH=${CMAKE_PREFIX_PATH}:/opt/ros/humble /usr/bin/cmake /home/jliu6162/ros2_ws/src/my_robot_description -DAMENT_CMAKE_SYMLINK_INSTALL=1 -DCMAKE_INSTALL_PREFIX=/home/jliu6162/ros2_ws/install/my_robot_description
[1.626s] Invoking command in '/home/jliu6162/ros2_ws/build/my_robot_description': CMAKE_PREFIX_PATH=${CMAKE_PREFIX_PATH}:/opt/ros/humble /usr/bin/cmake --build /home/jliu6162/ros2_ws/build/my_robot_description -- -j4 -l4
[1.664s] Invoked command in '/home/jliu6162/ros2_ws/build/my_robot_description' returned '0': CMAKE_PREFIX_PATH=${CMAKE_PREFIX_PATH}:/opt/ros/humble /usr/bin/cmake --build /home/jliu6162/ros2_ws/build/my_robot_description -- -j4 -l4
[1.690s] Invoking command in '/home/jliu6162/ros2_ws/build/my_robot_description': CMAKE_PREFIX_PATH=${CMAKE_PREFIX_PATH}:/opt/ros/humble /usr/bin/cmake --install /home/jliu6162/ros2_ws/build/my_robot_description
[1.696s] -- Install configuration: ""
[1.696s] -- Execute custom install script
[1.697s] -- Up-to-date symlink: /home/jliu6162/ros2_ws/install/my_robot_description/share/my_robot_description/launch/__pycache__/spawn_robot.launch.cpython-310.pyc
[1.697s] -- Up-to-date symlink: /home/jliu6162/ros2_ws/install/my_robot_description/share/my_robot_description/launch/launch_custom_world.launch.py
[1.697s] -- Up-to-date symlink: /home/jliu6162/ros2_ws/install/my_robot_description/share/my_robot_description/launch/robot_state_publisher.launch.py
[1.697s] -- Up-to-date symlink: /home/jliu6162/ros2_ws/install/my_robot_description/share/my_robot_description/launch/spawn_robot.launch.py
[1.697s] -- Up-to-date symlink: /home/jliu6162/ros2_ws/install/my_robot_description/share/ament_index/resource_index/package_run_dependencies/my_robot_description
[1.697s] -- Up-to-date symlink: /home/jliu6162/ros2_ws/install/my_robot_description/share/ament_index/resource_index/parent_prefix_path/my_robot_description
[1.697s] -- Up-to-date symlink: /home/jliu6162/ros2_ws/install/my_robot_description/share/my_robot_description/environment/ament_prefix_path.sh
[1.697s] -- Up-to-date symlink: /home/jliu6162/ros2_ws/install/my_robot_description/share/my_robot_description/environment/ament_prefix_path.dsv
[1.697s] -- Up-to-date symlink: /home/jliu6162/ros2_ws/install/my_robot_description/share/my_robot_description/environment/path.sh
[1.697s] -- Up-to-date symlink: /home/jliu6162/ros2_ws/install/my_robot_description/share/my_robot_description/environment/path.dsv
[1.698s] -- Up-to-date symlink: /home/jliu6162/ros2_ws/install/my_robot_description/share/my_robot_description/local_setup.bash
[1.698s] -- Up-to-date symlink: /home/jliu6162/ros2_ws/install/my_robot_description/share/my_robot_description/local_setup.sh
[1.698s] -- Up-to-date symlink: /home/jliu6162/ros2_ws/install/my_robot_description/share/my_robot_description/local_setup.zsh
[1.698s] -- Up-to-date symlink: /home/jliu6162/ros2_ws/install/my_robot_description/share/my_robot_description/local_setup.dsv
[1.698s] -- Symlinking: /home/jliu6162/ros2_ws/install/my_robot_description/share/my_robot_description/package.dsv
[1.705s] -- Up-to-date symlink: /home/jliu6162/ros2_ws/install/my_robot_description/share/ament_index/resource_index/packages/my_robot_description
[1.706s] -- Up-to-date symlink: /home/jliu6162/ros2_ws/install/my_robot_description/share/my_robot_description/cmake/my_robot_descriptionConfig.cmake
[1.706s] -- Up-to-date symlink: /home/jliu6162/ros2_ws/install/my_robot_description/share/my_robot_description/cmake/my_robot_descriptionConfig-version.cmake
[1.706s] -- Up-to-date symlink: /home/jliu6162/ros2_ws/install/my_robot_description/share/my_robot_description/package.xml
[1.707s] Invoked command in '/home/jliu6162/ros2_ws/build/my_robot_description' returned '0': CMAKE_PREFIX_PATH=${CMAKE_PREFIX_PATH}:/opt/ros/humble /usr/bin/cmake --install /home/jliu6162/ros2_ws/build/my_robot_description
